<?xml version="1.0" encoding="UTF-8"?>
<!-- Generated by org.testng.reporters.JUnitReportReporter -->
<testsuite hostname="Chiku" failures="0" tests="1" name="com.jira.APIAutomation.DummyName" time="0.734" errors="0" timestamp="2024-09-07T16:50:08 IST" skipped="0">
  <testcase classname="com.jira.APIAutomation.DummyName" name="methodChainingExample" time="0.734"/>
  <system-out/>
</testsuite> <!-- com.jira.APIAutomation.DummyName -->
