<?xml version="1.0" encoding="UTF-8"?>
<!-- Generated by org.testng.reporters.JUnitReportReporter -->
<testsuite hostname="Chiku" failures="0" tests="1" name="testCases.DeleteDummy" time="0.005" errors="0" timestamp="2024-06-06T23:46:16 IST" skipped="0">
  <testcase classname="testCases.DeleteDummy" name="deleteGmail" time="0.005"/>
  <system-out/>
</testsuite> <!-- testCases.DeleteDummy -->
