<?xml version="1.0" encoding="UTF-8"?>
<!-- Generated by org.testng.reporters.JUnitReportReporter -->
<testsuite hostname="Chiku" failures="0" tests="1" name="com.myTest.TestExecution" time="7.978" errors="0" timestamp="2024-07-25T13:26:15 IST" skipped="0">
  <testcase classname="com.myTest.TestExecution" name="launchBrowser" time="7.978"/>
  <system-out/>
</testsuite> <!-- com.myTest.TestExecution -->
