<?xml version="1.0" encoding="UTF-8"?>
<!-- Generated by org.testng.reporters.JUnitReportReporter -->
<testsuite hostname="Chiku" failures="0" tests="1" name="seleniumPrograms.FetchAllTheLinksOnWebPage" time="8.209" errors="0" timestamp="2024-07-25T10:34:15 IST" skipped="0">
  <testcase classname="seleniumPrograms.FetchAllTheLinksOnWebPage" name="getLinks" time="8.209"/>
  <system-out/>
</testsuite> <!-- seleniumPrograms.FetchAllTheLinksOnWebPage -->
